<?xml version="1.0" encoding="UTF-8" ?>
<testsuite errors="0" failures="0" hostname="MacBook-Pro-de-Alvaro.local" name="memcached.MemcachedSpec" tests="2" time="0.192" timestamp="2013-12-27T17:46:42">
  <properties />
  <testcase classname="memcached.MemcachedSpec" name="Memcached connection works for storing String&apos;s" time="0.17" />
  <testcase classname="memcached.MemcachedSpec" name="Memcached connection works for storing Date&apos;s" time="0.014" />
  <system-out><![CDATA[--Output from Memcached connection works for storing String's--
--Output from Memcached connection works for storing Date's--
]]></system-out>
  <system-err><![CDATA[--Output from Memcached connection works for storing String's--
--Output from Memcached connection works for storing Date's--
]]></system-err>
</testsuite>
